{"D:\\oldP\\url-shortner-platform\\services\\auth-service\\src\\app.ts": {"path":"D:\\oldP\\url-shortner-platform\\services\\auth-service\\src\\app.ts","statementMap":{"0":{"start":{"line":1,"column":0},"end":{"line":1,"column":30}},"1":{"start":{"line":2,"column":0},"end":{"line":2,"column":56}},"2":{"start":{"line":3,"column":0},"end":{"line":3,"column":62}},"3":{"start":{"line":5,"column":13},"end":{"line":5,"column":29}},"4":{"start":{"line":7,"column":0},"end":{"line":7,"column":24}},"5":{"start":{"line":9,"column":0},"end":{"line":11,"column":3}},"6":{"start":{"line":10,"column":2},"end":{"line":10,"column":41}},"7":{"start":{"line":13,"column":0},"end":{"line":13,"column":29}},"8":{"start":{"line":14,"column":0},"end":{"line":14,"column":22}}},"fnMap":{"0":{"name":"(anonymous_1)","decl":{"start":{"line":9,"column":19},"end":{"line":9,"column":20}},"loc":{"start":{"line":9,"column":30},"end":{"line":11,"column":1}}}},"branchMap":{},"s":{"0":1,"1":1,"2":1,"3":1,"4":1,"5":1,"6":0,"7":1,"8":1},"f":{"0":0},"b":{}}
,"D:\\oldP\\url-shortner-platform\\services\\auth-service\\src\\config\\env.ts": {"path":"D:\\oldP\\url-shortner-platform\\services\\auth-service\\src\\config\\env.ts","statementMap":{"0":{"start":{"line":1,"column":0},"end":{"line":1,"column":24}},"1":{"start":{"line":2,"column":0},"end":{"line":2,"column":28}},"2":{"start":{"line":4,"column":0},"end":{"line":4,"column":16}},"3":{"start":{"line":6,"column":18},"end":{"line":10,"column":2}},"4":{"start":{"line":12,"column":13},"end":{"line":12,"column":48}}},"fnMap":{},"branchMap":{},"s":{"0":1,"1":1,"2":1,"3":1,"4":1},"f":{},"b":{}}
,"D:\\oldP\\url-shortner-platform\\services\\auth-service\\src\\middlewares\\error.middleware.ts": {"path":"D:\\oldP\\url-shortner-platform\\services\\auth-service\\src\\middlewares\\error.middleware.ts","statementMap":{"0":{"start":{"line":3,"column":0},"end":{"line":3,"column":16}},"1":{"start":{"line":9,"column":2},"end":{"line":9,"column":29}},"2":{"start":{"line":10,"column":2},"end":{"line":10,"column":49}}},"fnMap":{"0":{"name":"errorHandler","decl":{"start":{"line":3,"column":16},"end":{"line":3,"column":28}},"loc":{"start":{"line":7,"column":18},"end":{"line":11,"column":1}}}},"branchMap":{},"s":{"0":1,"1":0,"2":0},"f":{"0":0},"b":{}}
,"D:\\oldP\\url-shortner-platform\\services\\auth-service\\src\\modules\\auth\\auth.controller.ts": {"path":"D:\\oldP\\url-shortner-platform\\services\\auth-service\\src\\modules\\auth\\auth.controller.ts","statementMap":{"0":{"start":{"line":5,"column":0},"end":{"line":5,"column":7}},"1":{"start":{"line":11,"column":0},"end":{"line":11,"column":7}},"2":{"start":{"line":2,"column":0},"end":{"line":2,"column":61}},"3":{"start":{"line":3,"column":0},"end":{"line":3,"column":46}},"4":{"start":{"line":6,"column":14},"end":{"line":6,"column":44}},"5":{"start":{"line":7,"column":15},"end":{"line":7,"column":66}},"6":{"start":{"line":8,"column":2},"end":{"line":8,"column":29}},"7":{"start":{"line":12,"column":14},"end":{"line":12,"column":41}},"8":{"start":{"line":13,"column":17},"end":{"line":13,"column":65}},"9":{"start":{"line":14,"column":2},"end":{"line":14,"column":31}}},"fnMap":{"0":{"name":"register","decl":{"start":{"line":5,"column":22},"end":{"line":5,"column":30}},"loc":{"start":{"line":5,"column":58},"end":{"line":9,"column":1}}},"1":{"name":"login","decl":{"start":{"line":11,"column":22},"end":{"line":11,"column":27}},"loc":{"start":{"line":11,"column":55},"end":{"line":15,"column":1}}}},"branchMap":{},"s":{"0":1,"1":1,"2":1,"3":1,"4":1,"5":1,"6":1,"7":1,"8":1,"9":1},"f":{"0":1,"1":1},"b":{}}
,"D:\\oldP\\url-shortner-platform\\services\\auth-service\\src\\modules\\auth\\auth.routes.ts": {"path":"D:\\oldP\\url-shortner-platform\\services\\auth-service\\src\\modules\\auth\\auth.routes.ts","statementMap":{"0":{"start":{"line":1,"column":0},"end":{"line":1,"column":33}},"1":{"start":{"line":2,"column":0},"end":{"line":2,"column":48}},"2":{"start":{"line":4,"column":13},"end":{"line":4,"column":35}},"3":{"start":{"line":6,"column":0},"end":{"line":6,"column":50}},"4":{"start":{"line":7,"column":0},"end":{"line":7,"column":44}}},"fnMap":{},"branchMap":{},"s":{"0":1,"1":1,"2":1,"3":1,"4":1},"f":{},"b":{}}
,"D:\\oldP\\url-shortner-platform\\services\\auth-service\\src\\modules\\auth\\auth.schemas.ts": {"path":"D:\\oldP\\url-shortner-platform\\services\\auth-service\\src\\modules\\auth\\auth.schemas.ts","statementMap":{"0":{"start":{"line":1,"column":0},"end":{"line":1,"column":24}},"1":{"start":{"line":3,"column":13},"end":{"line":6,"column":3}},"2":{"start":{"line":8,"column":13},"end":{"line":11,"column":3}}},"fnMap":{},"branchMap":{},"s":{"0":1,"1":1,"2":1},"f":{},"b":{}}
,"D:\\oldP\\url-shortner-platform\\services\\auth-service\\src\\modules\\auth\\auth.service.ts": {"path":"D:\\oldP\\url-shortner-platform\\services\\auth-service\\src\\modules\\auth\\auth.service.ts","statementMap":{"0":{"start":{"line":12,"column":0},"end":{"line":12,"column":7}},"1":{"start":{"line":23,"column":0},"end":{"line":23,"column":7}},"2":{"start":{"line":1,"column":0},"end":{"line":1,"column":28}},"3":{"start":{"line":2,"column":0},"end":{"line":2,"column":56}},"4":{"start":{"line":3,"column":0},"end":{"line":3,"column":39}},"5":{"start":{"line":10,"column":14},"end":{"line":10,"column":37}},"6":{"start":{"line":13,"column":2},"end":{"line":15,"column":3}},"7":{"start":{"line":14,"column":4},"end":{"line":14,"column":43}},"8":{"start":{"line":17,"column":23},"end":{"line":17,"column":54}},"9":{"start":{"line":18,"column":2},"end":{"line":18,"column":44}},"10":{"start":{"line":20,"column":2},"end":{"line":20,"column":19}},"11":{"start":{"line":24,"column":15},"end":{"line":24,"column":31}},"12":{"start":{"line":25,"column":2},"end":{"line":27,"column":3}},"13":{"start":{"line":26,"column":4},"end":{"line":26,"column":43}},"14":{"start":{"line":29,"column":16},"end":{"line":29,"column":65}},"15":{"start":{"line":30,"column":2},"end":{"line":32,"column":3}},"16":{"start":{"line":31,"column":4},"end":{"line":31,"column":43}},"17":{"start":{"line":34,"column":23},"end":{"line":34,"column":37}},"18":{"start":{"line":36,"column":29},"end":{"line":38,"column":2}},"19":{"start":{"line":40,"column":14},"end":{"line":40,"column":50}},"20":{"start":{"line":42,"column":2},"end":{"line":42,"column":19}}},"fnMap":{"0":{"name":"register","decl":{"start":{"line":12,"column":22},"end":{"line":12,"column":30}},"loc":{"start":{"line":12,"column":62},"end":{"line":21,"column":1}}},"1":{"name":"login","decl":{"start":{"line":23,"column":22},"end":{"line":23,"column":27}},"loc":{"start":{"line":23,"column":59},"end":{"line":43,"column":1}}}},"branchMap":{"0":{"loc":{"start":{"line":13,"column":2},"end":{"line":15,"column":3}},"type":"if","locations":[{"start":{"line":13,"column":2},"end":{"line":15,"column":3}},{"start":{},"end":{}}]},"1":{"loc":{"start":{"line":25,"column":2},"end":{"line":27,"column":3}},"type":"if","locations":[{"start":{"line":25,"column":2},"end":{"line":27,"column":3}},{"start":{},"end":{}}]},"2":{"loc":{"start":{"line":30,"column":2},"end":{"line":32,"column":3}},"type":"if","locations":[{"start":{"line":30,"column":2},"end":{"line":32,"column":3}},{"start":{},"end":{}}]}},"s":{"0":1,"1":1,"2":1,"3":1,"4":1,"5":1,"6":1,"7":0,"8":1,"9":1,"10":1,"11":1,"12":1,"13":0,"14":1,"15":1,"16":0,"17":1,"18":1,"19":1,"20":1},"f":{"0":1,"1":1},"b":{"0":[0,1],"1":[0,1],"2":[0,1]}}
}
